<?xml version="1.0" encoding="UTF-8"?>
<testsuite name="com.mindex.challenge.service.impl.ReportingStructureServiceImplTest" tests="1" skipped="0" failures="0" errors="0" timestamp="2022-03-20T23:35:34" hostname="LAPTOP-G143FFSR" time="0.933">
  <properties/>
  <testcase name="testCreateRead" classname="com.mindex.challenge.service.impl.ReportingStructureServiceImplTest" time="0.933"/>
  <system-out><![CDATA[16:35:27.567 [Test worker] DEBUG org.springframework.test.context.junit4.SpringJUnit4ClassRunner - SpringJUnit4ClassRunner constructor called with [class com.mindex.challenge.service.impl.ReportingStructureServiceImplTest]
16:35:27.577 [Test worker] DEBUG org.springframework.test.context.BootstrapUtils - Instantiating CacheAwareContextLoaderDelegate from class [org.springframework.test.context.cache.DefaultCacheAwareContextLoaderDelegate]
16:35:27.589 [Test worker] DEBUG org.springframework.test.context.BootstrapUtils - Instantiating BootstrapContext using constructor [public org.springframework.test.context.support.DefaultBootstrapContext(java.lang.Class,org.springframework.test.context.CacheAwareContextLoaderDelegate)]
16:35:27.635 [Test worker] DEBUG org.springframework.test.context.BootstrapUtils - Instantiating TestContextBootstrapper for test class [com.mindex.challenge.service.impl.ReportingStructureServiceImplTest] from class [org.springframework.boot.test.context.SpringBootTestContextBootstrapper]
16:35:27.665 [Test worker] INFO org.springframework.boot.test.context.SpringBootTestContextBootstrapper - Neither @ContextConfiguration nor @ContextHierarchy found for test class [com.mindex.challenge.service.impl.ReportingStructureServiceImplTest], using SpringBootContextLoader
16:35:27.671 [Test worker] DEBUG org.springframework.test.context.support.AbstractContextLoader - Did not detect default resource location for test class [com.mindex.challenge.service.impl.ReportingStructureServiceImplTest]: class path resource [com/mindex/challenge/service/impl/ReportingStructureServiceImplTest-context.xml] does not exist
16:35:27.672 [Test worker] DEBUG org.springframework.test.context.support.AbstractContextLoader - Did not detect default resource location for test class [com.mindex.challenge.service.impl.ReportingStructureServiceImplTest]: class path resource [com/mindex/challenge/service/impl/ReportingStructureServiceImplTestContext.groovy] does not exist
16:35:27.674 [Test worker] INFO org.springframework.test.context.support.AbstractContextLoader - Could not detect default resource locations for test class [com.mindex.challenge.service.impl.ReportingStructureServiceImplTest]: no resource found for suffixes {-context.xml, Context.groovy}.
16:35:27.674 [Test worker] INFO org.springframework.test.context.support.AnnotationConfigContextLoaderUtils - Could not detect default configuration classes for test class [com.mindex.challenge.service.impl.ReportingStructureServiceImplTest]: ReportingStructureServiceImplTest does not declare any static, non-private, non-final, nested classes annotated with @Configuration.
16:35:27.739 [Test worker] DEBUG org.springframework.test.context.support.ActiveProfilesUtils - Could not find an 'annotation declaring class' for annotation type [org.springframework.test.context.ActiveProfiles] and class [com.mindex.challenge.service.impl.ReportingStructureServiceImplTest]
16:35:27.875 [Test worker] DEBUG org.springframework.context.annotation.ClassPathScanningCandidateComponentProvider - Identified candidate component class: file [C:\Users\Gandhar\Desktop\mindex\mindex-java-code-challenge\build\classes\java\main\com\mindex\challenge\ChallengeApplication.class]
16:35:27.879 [Test worker] INFO org.springframework.boot.test.context.SpringBootTestContextBootstrapper - Found @SpringBootConfiguration com.mindex.challenge.ChallengeApplication for test class com.mindex.challenge.service.impl.ReportingStructureServiceImplTest
16:35:28.014 [Test worker] DEBUG org.springframework.boot.test.context.SpringBootTestContextBootstrapper - @TestExecutionListeners is not present for class [com.mindex.challenge.service.impl.ReportingStructureServiceImplTest]: using defaults.
16:35:28.016 [Test worker] INFO org.springframework.boot.test.context.SpringBootTestContextBootstrapper - Loaded default TestExecutionListener class names from location [META-INF/spring.factories]: [org.springframework.boot.test.autoconfigure.restdocs.RestDocsTestExecutionListener, org.springframework.boot.test.autoconfigure.web.client.MockRestServiceServerResetTestExecutionListener, org.springframework.boot.test.autoconfigure.web.servlet.MockMvcPrintOnlyOnFailureTestExecutionListener, org.springframework.boot.test.autoconfigure.web.servlet.WebDriverTestExecutionListener, org.springframework.boot.test.mock.mockito.MockitoTestExecutionListener, org.springframework.boot.test.mock.mockito.ResetMocksTestExecutionListener, org.springframework.test.context.web.ServletTestExecutionListener, org.springframework.test.context.support.DirtiesContextBeforeModesTestExecutionListener, org.springframework.test.context.support.DependencyInjectionTestExecutionListener, org.springframework.test.context.support.DirtiesContextTestExecutionListener, org.springframework.test.context.transaction.TransactionalTestExecutionListener, org.springframework.test.context.jdbc.SqlScriptsTestExecutionListener, org.springframework.test.context.event.EventPublishingTestExecutionListener]
16:35:28.039 [Test worker] INFO org.springframework.boot.test.context.SpringBootTestContextBootstrapper - Using TestExecutionListeners: [org.springframework.test.context.web.ServletTestExecutionListener@328866a9, org.springframework.test.context.support.DirtiesContextBeforeModesTestExecutionListener@be2dd1b, org.springframework.boot.test.mock.mockito.MockitoTestExecutionListener@292aa531, org.springframework.boot.test.autoconfigure.SpringBootDependencyInjectionTestExecutionListener@60f3a0e8, org.springframework.test.context.support.DirtiesContextTestExecutionListener@11bf3f71, org.springframework.test.context.transaction.TransactionalTestExecutionListener@c282258, org.springframework.test.context.jdbc.SqlScriptsTestExecutionListener@70d70dc1, org.springframework.test.context.event.EventPublishingTestExecutionListener@dde07d3, org.springframework.boot.test.autoconfigure.restdocs.RestDocsTestExecutionListener@65f2f5ae, org.springframework.boot.test.autoconfigure.web.client.MockRestServiceServerResetTestExecutionListener@288521aa, org.springframework.boot.test.autoconfigure.web.servlet.MockMvcPrintOnlyOnFailureTestExecutionListener@6074987e, org.springframework.boot.test.autoconfigure.web.servlet.WebDriverTestExecutionListener@1d69eb3c, org.springframework.boot.test.mock.mockito.ResetMocksTestExecutionListener@6fc422ba]
16:35:28.044 [Test worker] DEBUG org.springframework.test.annotation.ProfileValueUtils - Retrieved @ProfileValueSourceConfiguration [null] for test class [com.mindex.challenge.service.impl.ReportingStructureServiceImplTest]
16:35:28.044 [Test worker] DEBUG org.springframework.test.annotation.ProfileValueUtils - Retrieved ProfileValueSource type [class org.springframework.test.annotation.SystemProfileValueSource] for class [com.mindex.challenge.service.impl.ReportingStructureServiceImplTest]
16:35:28.048 [Test worker] DEBUG org.springframework.test.annotation.ProfileValueUtils - Retrieved @ProfileValueSourceConfiguration [null] for test class [com.mindex.challenge.service.impl.ReportingStructureServiceImplTest]
16:35:28.048 [Test worker] DEBUG org.springframework.test.annotation.ProfileValueUtils - Retrieved ProfileValueSource type [class org.springframework.test.annotation.SystemProfileValueSource] for class [com.mindex.challenge.service.impl.ReportingStructureServiceImplTest]
16:35:28.049 [Test worker] DEBUG org.springframework.test.annotation.ProfileValueUtils - Retrieved @ProfileValueSourceConfiguration [null] for test class [com.mindex.challenge.service.impl.ReportingStructureServiceImplTest]
16:35:28.049 [Test worker] DEBUG org.springframework.test.annotation.ProfileValueUtils - Retrieved ProfileValueSource type [class org.springframework.test.annotation.SystemProfileValueSource] for class [com.mindex.challenge.service.impl.ReportingStructureServiceImplTest]
16:35:28.055 [Test worker] DEBUG org.springframework.test.context.support.AbstractDirtiesContextTestExecutionListener - Before test class: context [DefaultTestContext@5ee4f347 testClass = ReportingStructureServiceImplTest, testInstance = [null], testMethod = [null], testException = [null], mergedContextConfiguration = [WebMergedContextConfiguration@370a9036 testClass = ReportingStructureServiceImplTest, locations = '{}', classes = '{class com.mindex.challenge.ChallengeApplication}', contextInitializerClasses = '[]', activeProfiles = '{}', propertySourceLocations = '{}', propertySourceProperties = '{org.springframework.boot.test.context.SpringBootTestContextBootstrapper=true, server.port=0}', contextCustomizers = set[org.springframework.boot.test.autoconfigure.properties.PropertyMappingContextCustomizer@0, org.springframework.boot.test.autoconfigure.web.servlet.WebDriverContextCustomizerFactory$Customizer@64bfe5d8, org.springframework.boot.test.context.filter.ExcludeFilterContextCustomizer@264b018b, org.springframework.boot.test.json.DuplicateJsonObjectContextCustomizerFactory$DuplicateJsonObjectContextCustomizer@2b0489df, org.springframework.boot.test.mock.mockito.MockitoContextCustomizer@0, org.springframework.boot.test.web.client.TestRestTemplateContextCustomizer@6af5bcb9], resourceBasePath = 'src/main/webapp', contextLoader = 'org.springframework.boot.test.context.SpringBootContextLoader', parent = [null]], attributes = map['org.springframework.test.context.web.ServletTestExecutionListener.activateListener' -> false]], class annotated with @DirtiesContext [false] with mode [null].
16:35:28.057 [Test worker] DEBUG org.springframework.test.annotation.ProfileValueUtils - Retrieved @ProfileValueSourceConfiguration [null] for test class [com.mindex.challenge.service.impl.ReportingStructureServiceImplTest]
16:35:28.057 [Test worker] DEBUG org.springframework.test.annotation.ProfileValueUtils - Retrieved ProfileValueSource type [class org.springframework.test.annotation.SystemProfileValueSource] for class [com.mindex.challenge.service.impl.ReportingStructureServiceImplTest]
16:35:28.063 [Test worker] DEBUG org.springframework.test.context.support.DependencyInjectionTestExecutionListener - Performing dependency injection for test context [[DefaultTestContext@5ee4f347 testClass = ReportingStructureServiceImplTest, testInstance = com.mindex.challenge.service.impl.ReportingStructureServiceImplTest@533ba93d, testMethod = [null], testException = [null], mergedContextConfiguration = [WebMergedContextConfiguration@370a9036 testClass = ReportingStructureServiceImplTest, locations = '{}', classes = '{class com.mindex.challenge.ChallengeApplication}', contextInitializerClasses = '[]', activeProfiles = '{}', propertySourceLocations = '{}', propertySourceProperties = '{org.springframework.boot.test.context.SpringBootTestContextBootstrapper=true, server.port=0}', contextCustomizers = set[org.springframework.boot.test.autoconfigure.properties.PropertyMappingContextCustomizer@0, org.springframework.boot.test.autoconfigure.web.servlet.WebDriverContextCustomizerFactory$Customizer@64bfe5d8, org.springframework.boot.test.context.filter.ExcludeFilterContextCustomizer@264b018b, org.springframework.boot.test.json.DuplicateJsonObjectContextCustomizerFactory$DuplicateJsonObjectContextCustomizer@2b0489df, org.springframework.boot.test.mock.mockito.MockitoContextCustomizer@0, org.springframework.boot.test.web.client.TestRestTemplateContextCustomizer@6af5bcb9], resourceBasePath = 'src/main/webapp', contextLoader = 'org.springframework.boot.test.context.SpringBootContextLoader', parent = [null]], attributes = map['org.springframework.test.context.web.ServletTestExecutionListener.activateListener' -> false]]].
16:35:28.089 [Test worker] DEBUG org.springframework.test.context.support.TestPropertySourceUtils - Adding inlined properties to environment: {spring.jmx.enabled=false, org.springframework.boot.test.context.SpringBootTestContextBootstrapper=true, server.port=0}

  .   ____          _            __ _ _
 /\\ / ___'_ __ _ _(_)_ __  __ _ \ \ \ \
( ( )\___ | '_ | '_| | '_ \/ _` | \ \ \ \
 \\/  ___)| |_)| | | | | || (_| |  ) ) ) )
  '  |____| .__|_| |_|_| |_\__, | / / / /
 =========|_|==============|___/=/_/_/_/
 :: Spring Boot ::        (v2.2.0.RELEASE)

2022-03-20 16:35:28.541  INFO 18084 --- [    Test worker] .c.s.i.ReportingStructureServiceImplTest : Starting ReportingStructureServiceImplTest on LAPTOP-G143FFSR with PID 18084 (started by Gandhar in C:\Users\Gandhar\Desktop\mindex\mindex-java-code-challenge)
2022-03-20 16:35:28.542 DEBUG 18084 --- [    Test worker] .c.s.i.ReportingStructureServiceImplTest : Running with Spring Boot v2.2.0.RELEASE, Spring v5.2.0.RELEASE
2022-03-20 16:35:28.544  INFO 18084 --- [    Test worker] .c.s.i.ReportingStructureServiceImplTest : No active profile set, falling back to default profiles: default
2022-03-20 16:35:29.442  INFO 18084 --- [    Test worker] .s.d.r.c.RepositoryConfigurationDelegate : Bootstrapping Spring Data repositories in DEFAULT mode.
2022-03-20 16:35:29.531  INFO 18084 --- [    Test worker] .s.d.r.c.RepositoryConfigurationDelegate : Finished Spring Data repository scanning in 80ms. Found 2 repository interfaces.
2022-03-20 16:35:30.847  INFO 18084 --- [    Test worker] o.s.b.w.embedded.tomcat.TomcatWebServer  : Tomcat initialized with port(s): 0 (http)
2022-03-20 16:35:30.864  INFO 18084 --- [    Test worker] o.apache.catalina.core.StandardService   : Starting service [Tomcat]
2022-03-20 16:35:30.865  INFO 18084 --- [    Test worker] org.apache.catalina.core.StandardEngine  : Starting Servlet engine: [Apache Tomcat/9.0.27]
2022-03-20 16:35:31.174  INFO 18084 --- [    Test worker] o.a.c.c.C.[Tomcat].[localhost].[/]       : Initializing Spring embedded WebApplicationContext
2022-03-20 16:35:31.175  INFO 18084 --- [    Test worker] o.s.web.context.ContextLoader            : Root WebApplicationContext: initialization completed in 2591 ms
2022-03-20 16:35:32.268  INFO 18084 --- [    Test worker] de.bwaldvogel.mongo.MongoServer          : started MongoServer(port: 61264, ssl: false)
2022-03-20 16:35:32.417  INFO 18084 --- [    Test worker] org.mongodb.driver.cluster               : Cluster created with settings {hosts=[127.0.0.1:61264], mode=SINGLE, requiredClusterType=UNKNOWN, serverSelectionTimeout='30000 ms', maxWaitQueueSize=500}
2022-03-20 16:35:32.582  INFO 18084 --- [-server-worker1] d.b.mongo.wire.MongoWireProtocolHandler  : client [id: 0x1a2d8d7c, L:/127.0.0.1:61264 - R:/127.0.0.1:61265] connected
2022-03-20 16:35:32.683  INFO 18084 --- [127.0.0.1:61264] org.mongodb.driver.connection            : Opened connection [connectionId{localValue:1}] to 127.0.0.1:61264
2022-03-20 16:35:32.689  INFO 18084 --- [127.0.0.1:61264] org.mongodb.driver.cluster               : Monitor thread successfully connected to server with description ServerDescription{address=127.0.0.1:61264, type=STANDALONE, state=CONNECTED, ok=true, version=ServerVersion{versionList=[3, 0, 0]}, minWireVersion=0, maxWireVersion=2, maxDocumentSize=16777216, logicalSessionTimeoutMinutes=null, roundTripTimeNanos=2987900}
2022-03-20 16:35:32.692  WARN 18084 --- [    Test worker] o.s.data.convert.CustomConversions       : Registering converter from class java.time.LocalDateTime to class java.time.Instant as reading converter although it doesn't convert from a store-supported type! You might wanna check you annotation setup at the converter implementation.
2022-03-20 16:35:32.693  WARN 18084 --- [    Test worker] o.s.data.convert.CustomConversions       : Registering converter from class java.time.Instant to class java.time.LocalDateTime as reading converter although it doesn't convert from a store-supported type! You might wanna check you annotation setup at the converter implementation.
2022-03-20 16:35:32.703  WARN 18084 --- [    Test worker] o.s.data.convert.CustomConversions       : Registering converter from class java.time.LocalDateTime to class java.time.Instant as reading converter although it doesn't convert from a store-supported type! You might wanna check you annotation setup at the converter implementation.
2022-03-20 16:35:32.704  WARN 18084 --- [    Test worker] o.s.data.convert.CustomConversions       : Registering converter from class java.time.Instant to class java.time.LocalDateTime as reading converter although it doesn't convert from a store-supported type! You might wanna check you annotation setup at the converter implementation.
2022-03-20 16:35:33.307  INFO 18084 --- [-server-worker2] d.b.mongo.wire.MongoWireProtocolHandler  : client [id: 0xc7b87008, L:/127.0.0.1:61264 - R:/127.0.0.1:61266] connected
2022-03-20 16:35:33.318  INFO 18084 --- [    Test worker] org.mongodb.driver.connection            : Opened connection [connectionId{localValue:2}] to 127.0.0.1:61264
2022-03-20 16:35:33.345  INFO 18084 --- [-server-worker2] d.b.mongo.backend.AbstractMongoBackend   : created database test
2022-03-20 16:35:33.357  INFO 18084 --- [-server-worker2] d.b.mongo.backend.AbstractMongoDatabase  : adding unique _id index for collection employee
2022-03-20 16:35:33.359  INFO 18084 --- [-server-worker2] d.b.mongo.backend.AbstractMongoDatabase  : created collection test.employee
2022-03-20 16:35:33.777  INFO 18084 --- [    Test worker] o.s.s.concurrent.ThreadPoolTaskExecutor  : Initializing ExecutorService 'applicationTaskExecutor'
2022-03-20 16:35:34.081  WARN 18084 --- [    Test worker] o.s.data.convert.CustomConversions       : Registering converter from class java.time.LocalDateTime to class java.time.Instant as reading converter although it doesn't convert from a store-supported type! You might wanna check you annotation setup at the converter implementation.
2022-03-20 16:35:34.082  WARN 18084 --- [    Test worker] o.s.data.convert.CustomConversions       : Registering converter from class java.time.Instant to class java.time.LocalDateTime as reading converter although it doesn't convert from a store-supported type! You might wanna check you annotation setup at the converter implementation.
2022-03-20 16:35:34.129  WARN 18084 --- [    Test worker] o.s.data.convert.CustomConversions       : Registering converter from class java.time.LocalDateTime to class java.time.Instant as reading converter although it doesn't convert from a store-supported type! You might wanna check you annotation setup at the converter implementation.
2022-03-20 16:35:34.129  WARN 18084 --- [    Test worker] o.s.data.convert.CustomConversions       : Registering converter from class java.time.Instant to class java.time.LocalDateTime as reading converter although it doesn't convert from a store-supported type! You might wanna check you annotation setup at the converter implementation.
2022-03-20 16:35:34.290  INFO 18084 --- [    Test worker] o.s.b.w.embedded.tomcat.TomcatWebServer  : Tomcat started on port(s): 61267 (http) with context path ''
2022-03-20 16:35:34.294  INFO 18084 --- [    Test worker] .c.s.i.ReportingStructureServiceImplTest : Started ReportingStructureServiceImplTest in 6.2 seconds (JVM running for 8.345)
2022-03-20 16:35:35.040  INFO 18084 --- [o-auto-1-exec-1] o.a.c.c.C.[Tomcat].[localhost].[/]       : Initializing Spring DispatcherServlet 'dispatcherServlet'
2022-03-20 16:35:35.040  INFO 18084 --- [o-auto-1-exec-1] o.s.web.servlet.DispatcherServlet        : Initializing Servlet 'dispatcherServlet'
2022-03-20 16:35:35.079  INFO 18084 --- [o-auto-1-exec-1] o.s.web.servlet.DispatcherServlet        : Completed initialization in 39 ms
2022-03-20 16:35:35.117 DEBUG 18084 --- [o-auto-1-exec-1] c.m.c.c.ReportingStructureController     : Received employee id, and creating ReportingStructure for employee [16a596ae-edd3-4847-99fe-c4518e82c86f]
2022-03-20 16:35:35.118 DEBUG 18084 --- [o-auto-1-exec-1] c.m.c.s.i.ReportingStructureServiceImpl  : Creating employee direct report [16a596ae-edd3-4847-99fe-c4518e82c86f]
2022-03-20 16:35:35.170 DEBUG 18084 --- [o-auto-1-exec-1] c.m.c.s.i.ReportingStructureServiceImpl  : Evaluating employee direct reports for id: [16a596ae-edd3-4847-99fe-c4518e82c86f]
]]></system-out>
  <system-err><![CDATA[]]></system-err>
</testsuite>
